<?xml version="1.0" encoding="UTF-8"?>
<!-- Generated by org.testng.reporters.JUnitXMLReporter -->
<testsuite hostname="qainfotech-H81M-S" ignored="0" name="Command line test" tests="1" failures="1" timestamp="31 Dec 2019 05:32:02 GMT" time="0.035" errors="0">
  <testcase name="test_1" time="0.012" classname="com.qait.demo.demoTests.TestClass">
    <failure type="junit.framework.ComparisonFailure" message="expected:&amp;lt;...l...&amp;gt; but was:&amp;lt;......&amp;gt;">
      <![CDATA[junit.framework.ComparisonFailure: expected:<...l...> but was:<......>
at junit.framework.Assert.assertEquals(Assert.java:81)
at junit.framework.Assert.assertEquals(Assert.java:87)
at com.qait.demo.demoTests.TestClass.test_1(TestClass.java:11)
... Removed 34 stack frames]]>
    </failure>
  </testcase> <!-- test_1 -->
</testsuite> <!-- Command line test -->
